<?xml version="1.0" encoding="UTF-8"?>
<!-- Generated by org.testng.reporters.JUnitReportReporter -->
<testsuite hostname="berry-K42JZ" name="testng.ExceptionTest" tests="1" failures="0" timestamp="7 Jul 2016 15:55:11 GMT" time="0.002" errors="0">
  <testcase name="testException" time="0.002" classname="testng.ExceptionTest"/>
</testsuite> <!-- testng.ExceptionTest -->
