<?xml version="1.0" encoding="UTF-8"?>
<!-- Generated by org.testng.reporters.JUnitReportReporter -->
<testsuite hostname="berry-K42JZ" name="testng.TestngIgnore" tests="1" failures="0" timestamp="7 Jul 2016 15:27:57 GMT" time="0.005" errors="0">
  <testcase name="testIgnore" time="0.005" classname="testng.TestngIgnore"/>
</testsuite> <!-- testng.TestngIgnore -->
