<?xml version="1.0" encoding="UTF-8"?>
<!-- Generated by org.testng.reporters.JUnitReportReporter -->
<testsuite hostname="berry-K42JZ" name="testng.GroupTest" tests="1" failures="0" timestamp="7 Jul 2016 16:01:05 GMT" time="0.023" errors="0">
  <testcase name="testOpenPage" time="0.023" classname="testng.GroupTest"/>
</testsuite> <!-- testng.GroupTest -->
