<?xml version="1.0" encoding="UTF-8"?>
<!-- Generated by org.testng.reporters.JUnitReportReporter -->
<testsuite hostname="berry-K42JZ" name="testng.TestNGLearn1" tests="1" failures="0" timestamp="7 Jul 2016 15:27:57 GMT" time="0.021" errors="0">
  <testcase name="TestNgLearn" time="0.021" classname="testng.TestNGLearn1"/>
</testsuite> <!-- testng.TestNGLearn1 -->
