<?xml version="1.0" encoding="UTF-8"?>
<!-- Generated by org.testng.reporters.JUnitReportReporter -->
<testsuite hostname="berry-K42JZ" name="jmockit.MyObjectTest" tests="1" failures="0" timestamp="10 Jul 2016 06:22:29 GMT" time="0.110" errors="0">
  <testcase name="testHello" time="0.110" classname="jmockit.MyObjectTest"/>
</testsuite> <!-- jmockit.MyObjectTest -->
