<?xml version="1.0" encoding="UTF-8"?>
<!-- Generated by org.testng.reporters.JUnitReportReporter -->
<testsuite hostname="berry-K42JZ" name="jmockit.state.TestStateMocked" tests="1" failures="0" timestamp="10 Jul 2016 06:40:47 GMT" time="0.052" errors="0">
  <testcase name="testMockNormalMethodContent" time="0.052" classname="jmockit.state.TestStateMocked"/>
</testsuite> <!-- jmockit.state.TestStateMocked -->
